2016/02/03 14:54:22 [error] [exception.CException] exception 'CException' with message 'Property "CUrlManager.showScritpName" is not defined.' in /var/www/html/yii/framework/base/CComponent.php:173
Stack trace:
#0 /var/www/html/yii/framework/YiiBase.php(220): CComponent->__set('showScritpName', false)
#1 /var/www/html/yii/framework/base/CModule.php(393): YiiBase::createComponent(Array)
#2 /var/www/html/yii/framework/base/CApplication.php(531): CModule->getComponent('urlManager')
#3 /var/www/html/yii/framework/web/CWebApplication.php(140): CApplication->getUrlManager()
#4 /var/www/html/yii/framework/base/CApplication.php(185): CWebApplication->processRequest()
#5 /var/www/html/aplicasion/index.php(12): CApplication->run()
#6 {main}
REQUEST_URI=/aplicasion/index.php/site/index
HTTP_REFERER=http://localhost/aplicasion/index.php/site/contact
---
2016/02/04 12:03:38 [error] [exception.CHttpException.404] exception 'CHttpException' with message 'The requested view "gii" was not found.' in /var/www/html/yii/framework/web/actions/CViewAction.php:112
Stack trace:
#0 /var/www/html/yii/framework/web/actions/CViewAction.php(123): CViewAction->resolveView('gii')
#1 /var/www/html/yii/framework/web/actions/CAction.php(76): CViewAction->run()
#2 /var/www/html/yii/framework/web/CController.php(308): CAction->runWithParams(Array)
#3 /var/www/html/yii/framework/web/CController.php(286): CController->runAction(Object(CViewAction))
#4 /var/www/html/yii/framework/web/CController.php(265): CController->runActionWithFilters(Object(CViewAction), Array)
#5 /var/www/html/yii/framework/web/CWebApplication.php(282): CController->run('page')
#6 /var/www/html/yii/framework/web/CWebApplication.php(141): CWebApplication->runController('site/page')
#7 /var/www/html/yii/framework/base/CApplication.php(185): CWebApplication->processRequest()
#8 /var/www/html/aplicasion/index.php(12): CApplication->run()
#9 {main}
REQUEST_URI=/aplicasion/index.php/site/page?view=gii
---
2016/02/04 12:03:56 [error] [exception.CHttpException.404] exception 'CHttpException' with message 'The requested view "index" was not found.' in /var/www/html/yii/framework/web/actions/CViewAction.php:112
Stack trace:
#0 /var/www/html/yii/framework/web/actions/CViewAction.php(123): CViewAction->resolveView('index')
#1 /var/www/html/yii/framework/web/actions/CAction.php(76): CViewAction->run()
#2 /var/www/html/yii/framework/web/CController.php(308): CAction->runWithParams(Array)
#3 /var/www/html/yii/framework/web/CController.php(286): CController->runAction(Object(CViewAction))
#4 /var/www/html/yii/framework/web/CController.php(265): CController->runActionWithFilters(Object(CViewAction), Array)
#5 /var/www/html/yii/framework/web/CWebApplication.php(282): CController->run('page')
#6 /var/www/html/yii/framework/web/CWebApplication.php(141): CWebApplication->runController('site/page')
#7 /var/www/html/yii/framework/base/CApplication.php(185): CWebApplication->processRequest()
#8 /var/www/html/aplicasion/index.php(12): CApplication->run()
#9 {main}
REQUEST_URI=/aplicasion/index.php/site/page?gii
---
2016/02/04 12:23:15 [error] [exception.CHttpException.404] exception 'CHttpException' with message 'The requested view "gii" was not found.' in /var/www/html/yii/framework/web/actions/CViewAction.php:112
Stack trace:
#0 /var/www/html/yii/framework/web/actions/CViewAction.php(123): CViewAction->resolveView('gii')
#1 /var/www/html/yii/framework/web/actions/CAction.php(76): CViewAction->run()
#2 /var/www/html/yii/framework/web/CController.php(308): CAction->runWithParams(Array)
#3 /var/www/html/yii/framework/web/CController.php(286): CController->runAction(Object(CViewAction))
#4 /var/www/html/yii/framework/web/CController.php(265): CController->runActionWithFilters(Object(CViewAction), Array)
#5 /var/www/html/yii/framework/web/CWebApplication.php(282): CController->run('page')
#6 /var/www/html/yii/framework/web/CWebApplication.php(141): CWebApplication->runController('site/page')
#7 /var/www/html/yii/framework/base/CApplication.php(185): CWebApplication->processRequest()
#8 /var/www/html/aplicasion/index.php(12): CApplication->run()
#9 {main}
REQUEST_URI=/aplicasion/index.php/site/page?view=gii
---
2016/02/04 12:23:31 [error] [exception.CHttpException.404] exception 'CHttpException' with message 'The requested view "index" was not found.' in /var/www/html/yii/framework/web/actions/CViewAction.php:112
Stack trace:
#0 /var/www/html/yii/framework/web/actions/CViewAction.php(123): CViewAction->resolveView('index')
#1 /var/www/html/yii/framework/web/actions/CAction.php(76): CViewAction->run()
#2 /var/www/html/yii/framework/web/CController.php(308): CAction->runWithParams(Array)
#3 /var/www/html/yii/framework/web/CController.php(286): CController->runAction(Object(CViewAction))
#4 /var/www/html/yii/framework/web/CController.php(265): CController->runActionWithFilters(Object(CViewAction), Array)
#5 /var/www/html/yii/framework/web/CWebApplication.php(282): CController->run('page')
#6 /var/www/html/yii/framework/web/CWebApplication.php(141): CWebApplication->runController('site/page')
#7 /var/www/html/yii/framework/base/CApplication.php(185): CWebApplication->processRequest()
#8 /var/www/html/aplicasion/index.php(12): CApplication->run()
#9 {main}
REQUEST_URI=/aplicasion/index.php/site/page?gii
---
2016/02/10 10:47:22 [error] [exception.CHttpException.404] exception 'CHttpException' with message 'The requested view "gii" was not found.' in /var/www/html/yii/framework/web/actions/CViewAction.php:112
Stack trace:
#0 /var/www/html/yii/framework/web/actions/CViewAction.php(123): CViewAction->resolveView('gii')
#1 /var/www/html/yii/framework/web/actions/CAction.php(76): CViewAction->run()
#2 /var/www/html/yii/framework/web/CController.php(308): CAction->runWithParams(Array)
#3 /var/www/html/yii/framework/web/CController.php(286): CController->runAction(Object(CViewAction))
#4 /var/www/html/yii/framework/web/CController.php(265): CController->runActionWithFilters(Object(CViewAction), Array)
#5 /var/www/html/yii/framework/web/CWebApplication.php(282): CController->run('page')
#6 /var/www/html/yii/framework/web/CWebApplication.php(141): CWebApplication->runController('site/page')
#7 /var/www/html/yii/framework/base/CApplication.php(185): CWebApplication->processRequest()
#8 /var/www/html/aplicasion/index.php(13): CApplication->run()
#9 {main}
REQUEST_URI=/aplicasion/site/page?view=gii
---
2016/02/10 10:57:15 [error] [exception.CHttpException.404] exception 'CHttpException' with message 'The requested view "gii" was not found.' in /var/www/html/yii/framework/web/actions/CViewAction.php:112
Stack trace:
#0 /var/www/html/yii/framework/web/actions/CViewAction.php(123): CViewAction->resolveView('gii')
#1 /var/www/html/yii/framework/web/actions/CAction.php(76): CViewAction->run()
#2 /var/www/html/yii/framework/web/CController.php(308): CAction->runWithParams(Array)
#3 /var/www/html/yii/framework/web/CController.php(286): CController->runAction(Object(CViewAction))
#4 /var/www/html/yii/framework/web/CController.php(265): CController->runActionWithFilters(Object(CViewAction), Array)
#5 /var/www/html/yii/framework/web/CWebApplication.php(282): CController->run('page')
#6 /var/www/html/yii/framework/web/CWebApplication.php(141): CWebApplication->runController('site/page')
#7 /var/www/html/yii/framework/base/CApplication.php(185): CWebApplication->processRequest()
#8 /var/www/html/aplicasion/index.php(13): CApplication->run()
#9 {main}
REQUEST_URI=/aplicasion/site/page?view=gii
---
2016/02/10 10:59:10 [error] [exception.CHttpException.404] exception 'CHttpException' with message 'The requested view "gii" was not found.' in /var/www/html/yii/framework/web/actions/CViewAction.php:112
Stack trace:
#0 /var/www/html/yii/framework/web/actions/CViewAction.php(123): CViewAction->resolveView('gii')
#1 /var/www/html/yii/framework/web/actions/CAction.php(76): CViewAction->run()
#2 /var/www/html/yii/framework/web/CController.php(308): CAction->runWithParams(Array)
#3 /var/www/html/yii/framework/web/CController.php(286): CController->runAction(Object(CViewAction))
#4 /var/www/html/yii/framework/web/CController.php(265): CController->runActionWithFilters(Object(CViewAction), Array)
#5 /var/www/html/yii/framework/web/CWebApplication.php(282): CController->run('page')
#6 /var/www/html/yii/framework/web/CWebApplication.php(141): CWebApplication->runController('site/page')
#7 /var/www/html/yii/framework/base/CApplication.php(185): CWebApplication->processRequest()
#8 /var/www/html/aplicasion/index.php(13): CApplication->run()
#9 {main}
REQUEST_URI=/aplicasion/site/page?view=gii
---
2016/02/10 11:08:15 [error] [exception.CHttpException.404] exception 'CHttpException' with message 'Unable to resolve the request "inde/index".' in /var/www/html/yii/framework/web/CWebApplication.php:286
Stack trace:
#0 /var/www/html/yii/framework/web/CWebApplication.php(141): CWebApplication->runController('inde/index')
#1 /var/www/html/yii/framework/base/CApplication.php(185): CWebApplication->processRequest()
#2 /var/www/html/aplicasion/index.php(13): CApplication->run()
#3 {main}
REQUEST_URI=/aplicasion/inde/index
---
